<?xml version="1.0" encoding="UTF-8"?>
<!-- Generated by org.testng.reporters.JUnitReportReporter -->
<testsuite hostname="DESKTOP-KCFKTQ7" failures="0" tests="6" name="bankatest.TestNgA" time="15.525" errors="0" timestamp="2020-03-29T21:32:26 CEST" skipped="0">
  <testcase classname="bankatest.TestNgA" name="constructor2" time="15.488"/>
  <system-out/>
  <testcase classname="bankatest.TestNgA" name="ispis" time="0.003"/>
  <system-out/>
  <testcase classname="bankatest.TestNgA" name="get" time="0.001"/>
  <system-out/>
  <testcase classname="bankatest.TestNgA" name="constructor1" time="0.030"/>
  <system-out/>
  <testcase classname="bankatest.TestNgA" name="set1" time="0.001"/>
  <system-out/>
  <testcase classname="bankatest.TestNgA" name="set2" time="0.002"/>
  <system-out/>
</testsuite> <!-- bankatest.TestNgA -->
