<?xml version="1.0" encoding="UTF-8"?>
<!-- Generated by org.testng.reporters.JUnitReportReporter -->
<testsuite hostname="DESKTOP-KCFKTQ7" failures="0" tests="8" name="bankatest.TestNgB" time="0.030" errors="0" timestamp="2020-03-29T21:32:42 CEST" skipped="0">
  <testcase classname="bankatest.TestNgB" name="getAccount" time="0.002"/>
  <system-out/>
  <testcase classname="bankatest.TestNgB" name="payIn1" time="0.011"/>
  <system-out/>
  <testcase classname="bankatest.TestNgB" name="payIn2" time="0.001"/>
  <system-out/>
  <testcase classname="bankatest.TestNgB" name="transfer3" time="0.001"/>
  <system-out/>
  <testcase classname="bankatest.TestNgB" name="sumMoney" time="0.002"/>
  <system-out/>
  <testcase classname="bankatest.TestNgB" name="bankReset" time="0.008"/>
  <system-out/>
  <testcase classname="bankatest.TestNgB" name="transfer" time="0.003"/>
  <system-out/>
  <testcase classname="bankatest.TestNgB" name="transfer2" time="0.002"/>
  <system-out/>
</testsuite> <!-- bankatest.TestNgB -->
